# JRE version: OpenJDK Runtime Environment (8.0_242-b01) (build 1.8.0_242-release-1644-b01)
# Java VM: OpenJDK 64-Bit Server VM (25.242-b01 mixed mode windows-amd64 compressed oops)
Heap:
 PSYoungGen      total 232960K, used 24075K [0x00000000eab00000, 0x0000000100000000, 0x0000000100000000)
  eden space 116736K, 3% used [0x00000000eab00000,0x00000000eaf2eeb0,0x00000000f1d00000)
  from space 116224K, 17% used [0x00000000f8e80000,0x00000000fa1d4030,0x0000000100000000)
  to   space 116224K, 0% used [0x00000000f1d00000,0x00000000f1d00000,0x00000000f8e80000)
 ParOldGen       total 418816K, used 327998K [0x00000000c0000000, 0x00000000d9900000, 0x00000000eab00000)
  object space 418816K, 78% used [0x00000000c0000000,0x00000000d404f828,0x00000000d9900000)
 Metaspace       used 95670K, capacity 103104K, committed 103336K, reserved 1138688K
  class space    used 12567K, capacity 14132K, committed 14248K, reserved 1048576K
GC Heap History (10 events):
Event: 11044.951 GC heap before
{Heap before GC invocations=89 (full 9):
 PSYoungGen      total 230400K, used 181649K [0x00000000eab00000, 0x00000000ffb00000, 0x0000000100000000)
  eden space 124416K, 98% used [0x00000000eab00000,0x00000000f231a698,0x00000000f2480000)
  from space 105984K, 55% used [0x00000000f2480000,0x00000000f5dc9e70,0x00000000f8c00000)
  to   space 105984K, 0% used [0x00000000f9380000,0x00000000f9380000,0x00000000ffb00000)
 ParOldGen       total 418816K, used 237772K [0x00000000c0000000, 0x00000000d9900000, 0x00000000eab00000)
  object space 418816K, 56% used [0x00000000c0000000,0x00000000ce833188,0x00000000d9900000)
 Metaspace       used 95409K, capacity 102832K, committed 103080K, reserved 1138688K
  class space    used 12566K, capacity 14130K, committed 14248K, reserved 1048576K
Event: 11044.994 GC heap after
Heap after GC invocations=89 (full 9):
 PSYoungGen      total 222720K, used 103673K [0x00000000eab00000, 0x0000000100000000, 0x0000000100000000)
  eden space 116736K, 0% used [0x00000000eab00000,0x00000000eab00000,0x00000000f1d00000)
  from space 105984K, 97% used [0x00000000f9380000,0x00000000ff8be578,0x00000000ffb00000)
  to   space 116224K, 0% used [0x00000000f1d00000,0x00000000f1d00000,0x00000000f8e80000)
 ParOldGen       total 418816K, used 237772K [0x00000000c0000000, 0x00000000d9900000, 0x00000000eab00000)
  object space 418816K, 56% used [0x00000000c0000000,0x00000000ce833188,0x00000000d9900000)
 Metaspace       used 95409K, capacity 102832K, committed 103080K, reserved 1138688K
  class space    used 12566K, capacity 14130K, committed 14248K, reserved 1048576K
}
Event: 11048.202 GC heap before
{Heap before GC invocations=90 (full 9):
 PSYoungGen      total 222720K, used 214304K [0x00000000eab00000, 0x0000000100000000, 0x0000000100000000)
  eden space 116736K, 94% used [0x00000000eab00000,0x00000000f1709dc8,0x00000000f1d00000)
  from space 105984K, 97% used [0x00000000f9380000,0x00000000ff8be578,0x00000000ffb00000)
  to   space 116224K, 0% used [0x00000000f1d00000,0x00000000f1d00000,0x00000000f8e80000)
 ParOldGen       total 418816K, used 237772K [0x00000000c0000000, 0x00000000d9900000, 0x00000000eab00000)
  object space 418816K, 56% used [0x00000000c0000000,0x00000000ce833188,0x00000000d9900000)
 Metaspace       used 95410K, capacity 102832K, committed 103080K, reserved 1138688K
  class space    used 12566K, capacity 14130K, committed 14248K, reserved 1048576K
Event: 11048.249 GC heap after
Heap after GC invocations=90 (full 9):
 PSYoungGen      total 232960K, used 108655K [0x00000000eab00000, 0x0000000100000000, 0x0000000100000000)
  eden space 116736K, 0% used [0x00000000eab00000,0x00000000eab00000,0x00000000f1d00000)
  from space 116224K, 93% used [0x00000000f1d00000,0x00000000f871bf38,0x00000000f8e80000)
  to   space 116224K, 0% used [0x00000000f8e80000,0x00000000f8e80000,0x0000000100000000)
 ParOldGen       total 418816K, used 278685K [0x00000000c0000000, 0x00000000d9900000, 0x00000000eab00000)
  object space 418816K, 66% used [0x00000000c0000000,0x00000000d1027418,0x00000000d9900000)
 Metaspace       used 95410K, capacity 102832K, committed 103080K, reserved 1138688K
  class space    used 12566K, capacity 14130K, committed 14248K, reserved 1048576K
}
Event: 11792.789 GC heap before
{Heap before GC invocations=91 (full 9):
 PSYoungGen      total 232960K, used 225391K [0x00000000eab00000, 0x0000000100000000, 0x0000000100000000)
  eden space 116736K, 100% used [0x00000000eab00000,0x00000000f1d00000,0x00000000f1d00000)
  from space 116224K, 93% used [0x00000000f1d00000,0x00000000f871bf38,0x00000000f8e80000)
  to   space 116224K, 0% used [0x00000000f8e80000,0x00000000f8e80000,0x0000000100000000)
 ParOldGen       total 418816K, used 278685K [0x00000000c0000000, 0x00000000d9900000, 0x00000000eab00000)
  object space 418816K, 66% used [0x00000000c0000000,0x00000000d1027418,0x00000000d9900000)
 Metaspace       used 95512K, capacity 102960K, committed 103080K, reserved 1138688K
  class space    used 12566K, capacity 14130K, committed 14248K, reserved 1048576K
Event: 11792.862 GC heap after
Heap after GC invocations=91 (full 9):
 PSYoungGen      total 232960K, used 11934K [0x00000000eab00000, 0x0000000100000000, 0x0000000100000000)
  eden space 116736K, 0% used [0x00000000eab00000,0x00000000eab00000,0x00000000f1d00000)
  from space 116224K, 10% used [0x00000000f8e80000,0x00000000f9a27870,0x0000000100000000)
  to   space 116224K, 0% used [0x00000000f1d00000,0x00000000f1d00000,0x00000000f8e80000)
 ParOldGen       total 418816K, used 291738K [0x00000000c0000000, 0x00000000d9900000, 0x00000000eab00000)
  object space 418816K, 69% used [0x00000000c0000000,0x00000000d1ce6940,0x00000000d9900000)
 Metaspace       used 95512K, capacity 102960K, committed 103080K, reserved 1138688K
  class space    used 12566K, capacity 14130K, committed 14248K, reserved 1048576K
}
Event: 11796.501 GC heap before
{Heap before GC invocations=92 (full 9):
 PSYoungGen      total 232960K, used 128670K [0x00000000eab00000, 0x0000000100000000, 0x0000000100000000)
  eden space 116736K, 100% used [0x00000000eab00000,0x00000000f1d00000,0x00000000f1d00000)
  from space 116224K, 10% used [0x00000000f8e80000,0x00000000f9a27870,0x0000000100000000)
  to   space 116224K, 0% used [0x00000000f1d00000,0x00000000f1d00000,0x00000000f8e80000)
 ParOldGen       total 418816K, used 291738K [0x00000000c0000000, 0x00000000d9900000, 0x00000000eab00000)
  object space 418816K, 69% used [0x00000000c0000000,0x00000000d1ce6940,0x00000000d9900000)
 Metaspace       used 95630K, capacity 103036K, committed 103336K, reserved 1138688K
  class space    used 12567K, capacity 14132K, committed 14248K, reserved 1048576K
Event: 11796.535 GC heap after
Heap after GC invocations=92 (full 9):
 PSYoungGen      total 232960K, used 37695K [0x00000000eab00000, 0x0000000100000000, 0x0000000100000000)
  eden space 116736K, 0% used [0x00000000eab00000,0x00000000eab00000,0x00000000f1d00000)
  from space 116224K, 32% used [0x00000000f1d00000,0x00000000f41cff20,0x00000000f8e80000)
  to   space 116224K, 0% used [0x00000000f8e80000,0x00000000f8e80000,0x0000000100000000)
 ParOldGen       total 418816K, used 291778K [0x00000000c0000000, 0x00000000d9900000, 0x00000000eab00000)
  object space 418816K, 69% used [0x00000000c0000000,0x00000000d1cf0940,0x00000000d9900000)
 Metaspace       used 95630K, capacity 103036K, committed 103336K, reserved 1138688K
  class space    used 12567K, capacity 14132K, committed 14248K, reserved 1048576K
}
Event: 11797.140 GC heap before
{Heap before GC invocations=93 (full 9):
 PSYoungGen      total 232960K, used 154431K [0x00000000eab00000, 0x0000000100000000, 0x0000000100000000)
  eden space 116736K, 100% used [0x00000000eab00000,0x00000000f1d00000,0x00000000f1d00000)
  from space 116224K, 32% used [0x00000000f1d00000,0x00000000f41cff20,0x00000000f8e80000)
  to   space 116224K, 0% used [0x00000000f8e80000,0x00000000f8e80000,0x0000000100000000)
 ParOldGen       total 418816K, used 291778K [0x00000000c0000000, 0x00000000d9900000, 0x00000000eab00000)
  object space 418816K, 69% used [0x00000000c0000000,0x00000000d1cf0940,0x00000000d9900000)
 Metaspace       used 95659K, capacity 103104K, committed 103336K, reserved 1138688K
  class space    used 12567K, capacity 14132K, committed 14248K, reserved 1048576K
Event: 11797.272 GC heap after
Heap after GC invocations=93 (full 9):
 PSYoungGen      total 232960K, used 19792K [0x00000000eab00000, 0x0000000100000000, 0x0000000100000000)
  eden space 116736K, 0% used [0x00000000eab00000,0x00000000eab00000,0x00000000f1d00000)
  from space 116224K, 17% used [0x00000000f8e80000,0x00000000fa1d4030,0x0000000100000000)
  to   space 116224K, 0% used [0x00000000f1d00000,0x00000000f1d00000,0x00000000f8e80000)
 ParOldGen       total 418816K, used 327998K [0x00000000c0000000, 0x00000000d9900000, 0x00000000eab00000)
  object space 418816K, 78% used [0x00000000c0000000,0x00000000d404f828,0x00000000d9900000)
 Metaspace       used 95659K, capacity 103104K, committed 103336K, reserved 1138688K
  class space    used 12567K, capacity 14132K, committed 14248K, reserved 1048576K
}

