# JRE version: OpenJDK Runtime Environment (8.0_242-b01) (build 1.8.0_242-release-1644-b01)
# Java VM: OpenJDK 64-Bit Server VM (25.242-b01 mixed mode windows-amd64 compressed oops)
Heap:
 PSYoungGen      total 323072K, used 298470K [0x00000000e0000000, 0x00000000fef00000, 0x0000000100000000)
  eden space 297984K, 91% used [0x00000000e0000000,0x00000000f0b46458,0x00000000f2300000)
  from space 25088K, 98% used [0x00000000f2c00000,0x00000000f44333e0,0x00000000f4480000)
  to   space 104448K, 0% used [0x00000000f8900000,0x00000000f8900000,0x00000000fef00000)
 ParOldGen       total 416768K, used 287460K [0x00000000a0000000, 0x00000000b9700000, 0x00000000e0000000)
  object space 416768K, 68% used [0x00000000a0000000,0x00000000b18b90b8,0x00000000b9700000)
 Metaspace       used 78335K, capacity 83884K, committed 84008K, reserved 1122304K
  class space    used 10324K, capacity 11543K, committed 11568K, reserved 1048576K
GC Heap History (10 events):
Event: 42.712 GC heap before
{Heap before GC invocations=17 (full 4):
 PSYoungGen      total 332800K, used 31742K [0x00000000e0000000, 0x00000000fe700000, 0x0000000100000000)
  eden space 301056K, 0% used [0x00000000e0000000,0x00000000e0000000,0x00000000f2600000)
  from space 31744K, 99% used [0x00000000f2600000,0x00000000f44ffbc8,0x00000000f4500000)
  to   space 66048K, 0% used [0x00000000fa680000,0x00000000fa680000,0x00000000fe700000)
 ParOldGen       total 192512K, used 155335K [0x00000000a0000000, 0x00000000abc00000, 0x00000000e0000000)
  object space 192512K, 80% used [0x00000000a0000000,0x00000000a97b1d98,0x00000000abc00000)
 Metaspace       used 72197K, capacity 76844K, committed 77096K, reserved 1116160K
  class space    used 9857K, capacity 10933K, committed 11056K, reserved 1048576K
Event: 42.973 GC heap after
Heap after GC invocations=17 (full 4):
 PSYoungGen      total 332800K, used 0K [0x00000000e0000000, 0x00000000fe700000, 0x0000000100000000)
  eden space 301056K, 0% used [0x00000000e0000000,0x00000000e0000000,0x00000000f2600000)
  from space 31744K, 0% used [0x00000000f2600000,0x00000000f2600000,0x00000000f4500000)
  to   space 66048K, 0% used [0x00000000fa680000,0x00000000fa680000,0x00000000fe700000)
 ParOldGen       total 416768K, used 172438K [0x00000000a0000000, 0x00000000b9700000, 0x00000000e0000000)
  object space 416768K, 41% used [0x00000000a0000000,0x00000000aa865bb8,0x00000000b9700000)
 Metaspace       used 72160K, capacity 76740K, committed 77096K, reserved 1116160K
  class space    used 9846K, capacity 10913K, committed 11056K, reserved 1048576K
}
Event: 3907.903 GC heap before
{Heap before GC invocations=18 (full 4):
 PSYoungGen      total 332800K, used 301056K [0x00000000e0000000, 0x00000000fe700000, 0x0000000100000000)
  eden space 301056K, 100% used [0x00000000e0000000,0x00000000f2600000,0x00000000f2600000)
  from space 31744K, 0% used [0x00000000f2600000,0x00000000f2600000,0x00000000f4500000)
  to   space 66048K, 0% used [0x00000000fa680000,0x00000000fa680000,0x00000000fe700000)
 ParOldGen       total 416768K, used 172438K [0x00000000a0000000, 0x00000000b9700000, 0x00000000e0000000)
  object space 416768K, 41% used [0x00000000a0000000,0x00000000aa865bb8,0x00000000b9700000)
 Metaspace       used 76920K, capacity 82040K, committed 82344K, reserved 1120256K
  class space    used 10244K, capacity 11377K, committed 11440K, reserved 1048576K
Event: 3907.999 GC heap after
Heap after GC invocations=18 (full 4):
 PSYoungGen      total 428032K, used 48308K [0x00000000e0000000, 0x00000000fec80000, 0x0000000100000000)
  eden space 361984K, 0% used [0x00000000e0000000,0x00000000e0000000,0x00000000f6180000)
  from space 66048K, 73% used [0x00000000fa680000,0x00000000fd5ad148,0x00000000fe700000)
  to   space 70656K, 0% used [0x00000000f6180000,0x00000000f6180000,0x00000000fa680000)
 ParOldGen       total 416768K, used 172446K [0x00000000a0000000, 0x00000000b9700000, 0x00000000e0000000)
  object space 416768K, 41% used [0x00000000a0000000,0x00000000aa867bb8,0x00000000b9700000)
 Metaspace       used 76920K, capacity 82040K, committed 82344K, reserved 1120256K
  class space    used 10244K, capacity 11377K, committed 11440K, reserved 1048576K
}
Event: 3953.304 GC heap before
{Heap before GC invocations=19 (full 4):
 PSYoungGen      total 428032K, used 403762K [0x00000000e0000000, 0x00000000fec80000, 0x0000000100000000)
  eden space 361984K, 98% used [0x00000000e0000000,0x00000000f5b1f7a8,0x00000000f6180000)
  from space 66048K, 73% used [0x00000000fa680000,0x00000000fd5ad148,0x00000000fe700000)
  to   space 70656K, 0% used [0x00000000f6180000,0x00000000f6180000,0x00000000fa680000)
 ParOldGen       total 416768K, used 172446K [0x00000000a0000000, 0x00000000b9700000, 0x00000000e0000000)
  object space 416768K, 41% used [0x00000000a0000000,0x00000000aa867bb8,0x00000000b9700000)
 Metaspace       used 77439K, capacity 82860K, committed 82984K, reserved 1120256K
  class space    used 10294K, capacity 11469K, committed 11568K, reserved 1048576K
Event: 3953.423 GC heap after
Heap after GC invocations=19 (full 4):
 PSYoungGen      total 421376K, used 70635K [0x00000000e0000000, 0x0000000100000000, 0x0000000100000000)
  eden space 350720K, 0% used [0x00000000e0000000,0x00000000e0000000,0x00000000f5680000)
  from space 70656K, 99% used [0x00000000f6180000,0x00000000fa67adc8,0x00000000fa680000)
  to   space 91648K, 0% used [0x00000000fa680000,0x00000000fa680000,0x0000000100000000)
 ParOldGen       total 416768K, used 230662K [0x00000000a0000000, 0x00000000b9700000, 0x00000000e0000000)
  object space 416768K, 55% used [0x00000000a0000000,0x00000000ae141bc8,0x00000000b9700000)
 Metaspace       used 77439K, capacity 82860K, committed 82984K, reserved 1120256K
  class space    used 10294K, capacity 11469K, committed 11568K, reserved 1048576K
}
Event: 4468.619 GC heap before
{Heap before GC invocations=20 (full 4):
 PSYoungGen      total 421376K, used 421355K [0x00000000e0000000, 0x0000000100000000, 0x0000000100000000)
  eden space 350720K, 100% used [0x00000000e0000000,0x00000000f5680000,0x00000000f5680000)
  from space 70656K, 99% used [0x00000000f6180000,0x00000000fa67adc8,0x00000000fa680000)
  to   space 91648K, 0% used [0x00000000fa680000,0x00000000fa680000,0x0000000100000000)
 ParOldGen       total 416768K, used 230662K [0x00000000a0000000, 0x00000000b9700000, 0x00000000e0000000)
  object space 416768K, 55% used [0x00000000a0000000,0x00000000ae141bc8,0x00000000b9700000)
 Metaspace       used 77894K, capacity 83416K, committed 83496K, reserved 1122304K
  class space    used 10310K, capacity 11521K, committed 11568K, reserved 1048576K
Event: 4470.078 GC heap after
Heap after GC invocations=20 (full 4):
 PSYoungGen      total 398848K, used 67773K [0x00000000e0000000, 0x0000000100000000, 0x0000000100000000)
  eden space 307200K, 0% used [0x00000000e0000000,0x00000000e0000000,0x00000000f2c00000)
  from space 91648K, 73% used [0x00000000fa680000,0x00000000fe8af440,0x0000000100000000)
  to   space 108544K, 0% used [0x00000000f2c00000,0x00000000f2c00000,0x00000000f9600000)
 ParOldGen       total 416768K, used 287452K [0x00000000a0000000, 0x00000000b9700000, 0x00000000e0000000)
  object space 416768K, 68% used [0x00000000a0000000,0x00000000b18b70b8,0x00000000b9700000)
 Metaspace       used 77894K, capacity 83416K, committed 83496K, reserved 1122304K
  class space    used 10310K, capacity 11521K, committed 11568K, reserved 1048576K
}
Event: 9232.417 GC heap before
{Heap before GC invocations=21 (full 4):
 PSYoungGen      total 398848K, used 374973K [0x00000000e0000000, 0x0000000100000000, 0x0000000100000000)
  eden space 307200K, 100% used [0x00000000e0000000,0x00000000f2c00000,0x00000000f2c00000)
  from space 91648K, 73% used [0x00000000fa680000,0x00000000fe8af440,0x0000000100000000)
  to   space 108544K, 0% used [0x00000000f2c00000,0x00000000f2c00000,0x00000000f9600000)
 ParOldGen       total 416768K, used 287452K [0x00000000a0000000, 0x00000000b9700000, 0x00000000e0000000)
  object space 416768K, 68% used [0x00000000a0000000,0x00000000b18b70b8,0x00000000b9700000)
 Metaspace       used 77984K, capacity 83556K, committed 83752K, reserved 1122304K
  class space    used 10312K, capacity 11523K, committed 11568K, reserved 1048576K
Event: 9232.486 GC heap after
Heap after GC invocations=21 (full 4):
 PSYoungGen      total 323072K, used 24780K [0x00000000e0000000, 0x00000000fef00000, 0x0000000100000000)
  eden space 297984K, 0% used [0x00000000e0000000,0x00000000e0000000,0x00000000f2300000)
  from space 25088K, 98% used [0x00000000f2c00000,0x00000000f44333e0,0x00000000f4480000)
  to   space 104448K, 0% used [0x00000000f8900000,0x00000000f8900000,0x00000000fef00000)
 ParOldGen       total 416768K, used 287460K [0x00000000a0000000, 0x00000000b9700000, 0x00000000e0000000)
  object space 416768K, 68% used [0x00000000a0000000,0x00000000b18b90b8,0x00000000b9700000)
 Metaspace       used 77984K, capacity 83556K, committed 83752K, reserved 1122304K
  class space    used 10312K, capacity 11523K, committed 11568K, reserved 1048576K
}

